<?xml version="1.0" encoding="UTF-8"?>
<testsuite name="com.cibertec.productsservices.ProductsServicesApplicationTests" tests="1" skipped="0" failures="0" errors="0" timestamp="2026-05-23T23:30:17" hostname="Mac" time="0.292">
  <properties/>
  <testcase name="contextLoads()" classname="com.cibertec.productsservices.ProductsServicesApplicationTests" time="0.292"/>
  <system-out><![CDATA[18:30:14.863 [Test worker] INFO org.springframework.test.context.support.AnnotationConfigContextLoaderUtils -- Could not detect default configuration classes for test class [com.cibertec.productsservices.ProductsServicesApplicationTests]: ProductsServicesApplicationTests does not declare any static, non-private, non-final, nested classes annotated with @Configuration.
18:30:14.911 [Test worker] INFO org.springframework.boot.test.context.SpringBootTestContextBootstrapper -- Found @SpringBootConfiguration com.cibertec.productsservices.ProductsServicesApplication for test class com.cibertec.productsservices.ProductsServicesApplicationTests

  .   ____          _            __ _ _
 /\\ / ___'_ __ _ _(_)_ __  __ _ \ \ \ \
( ( )\___ | '_ | '_| | '_ \/ _` | \ \ \ \
 \\/  ___)| |_)| | | | | || (_| |  ) ) ) )
  '  |____| .__|_| |_|_| |_\__, | / / / /
 =========|_|==============|___/=/_/_/_/
 :: Spring Boot ::                (v3.2.5)

2026-05-23T18:30:15.096-05:00  INFO 15283 --- [products-services] [    Test worker] c.c.p.ProductsServicesApplicationTests   : Starting ProductsServicesApplicationTests using Java 17.0.13 with PID 15283 (started by ronaldcastillo in /Users/ronaldcastillo/Files/Dev/Cibertec/DESARROLLO-DE-APLICACIONES-WEB-II/backend/products-services)
2026-05-23T18:30:15.097-05:00  INFO 15283 --- [products-services] [    Test worker] c.c.p.ProductsServicesApplicationTests   : No active profile set, falling back to 1 default profile: "default"
2026-05-23T18:30:15.395-05:00  INFO 15283 --- [products-services] [    Test worker] .s.d.r.c.RepositoryConfigurationDelegate : Bootstrapping Spring Data JPA repositories in DEFAULT mode.
2026-05-23T18:30:15.417-05:00  INFO 15283 --- [products-services] [    Test worker] .s.d.r.c.RepositoryConfigurationDelegate : Finished Spring Data repository scanning in 18 ms. Found 1 JPA repository interface.
2026-05-23T18:30:15.692-05:00  INFO 15283 --- [products-services] [    Test worker] o.hibernate.jpa.internal.util.LogHelper  : HHH000204: Processing PersistenceUnitInfo [name: default]
2026-05-23T18:30:15.719-05:00  INFO 15283 --- [products-services] [    Test worker] org.hibernate.Version                    : HHH000412: Hibernate ORM core version 6.4.4.Final
2026-05-23T18:30:15.736-05:00  INFO 15283 --- [products-services] [    Test worker] o.h.c.internal.RegionFactoryInitiator    : HHH000026: Second-level cache disabled
2026-05-23T18:30:15.850-05:00  INFO 15283 --- [products-services] [    Test worker] o.s.o.j.p.SpringPersistenceUnitInfo      : No LoadTimeWeaver setup: ignoring JPA class transformer
2026-05-23T18:30:15.862-05:00  INFO 15283 --- [products-services] [    Test worker] com.zaxxer.hikari.HikariDataSource       : HikariPool-1 - Starting...
2026-05-23T18:30:16.113-05:00  INFO 15283 --- [products-services] [    Test worker] com.zaxxer.hikari.pool.HikariPool        : HikariPool-1 - Added connection com.mysql.cj.jdbc.ConnectionImpl@586737ff
2026-05-23T18:30:16.114-05:00  INFO 15283 --- [products-services] [    Test worker] com.zaxxer.hikari.HikariDataSource       : HikariPool-1 - Start completed.
2026-05-23T18:30:16.544-05:00  INFO 15283 --- [products-services] [    Test worker] o.h.e.t.j.p.i.JtaPlatformInitiator       : HHH000489: No JTA platform available (set 'hibernate.transaction.jta.platform' to enable JTA platform integration)
Hibernate: create table products (id bigint not null auto_increment, name varchar(120) not null, price decimal(10,2) not null, stock integer not null, primary key (id)) engine=InnoDB
2026-05-23T18:30:16.669-05:00  INFO 15283 --- [products-services] [    Test worker] j.LocalContainerEntityManagerFactoryBean : Initialized JPA EntityManagerFactory for persistence unit 'default'
2026-05-23T18:30:16.939-05:00  WARN 15283 --- [products-services] [    Test worker] JpaBaseConfiguration$JpaWebConfiguration : spring.jpa.open-in-view is enabled by default. Therefore, database queries may be performed during view rendering. Explicitly configure spring.jpa.open-in-view to disable this warning
2026-05-23T18:30:17.223-05:00  INFO 15283 --- [products-services] [    Test worker] o.a.k.clients.consumer.ConsumerConfig    : ConsumerConfig values: 
	allow.auto.create.topics = true
	auto.commit.interval.ms = 5000
	auto.include.jmx.reporter = true
	auto.offset.reset = earliest
	bootstrap.servers = [localhost:9092]
	check.crcs = true
	client.dns.lookup = use_all_dns_ips
	client.id = consumer-stock-update-cg-1
	client.rack = 
	connections.max.idle.ms = 540000
	default.api.timeout.ms = 60000
	enable.auto.commit = false
	exclude.internal.topics = true
	fetch.max.bytes = 52428800
	fetch.max.wait.ms = 500
	fetch.min.bytes = 1
	group.id = stock-update-cg
	group.instance.id = null
	heartbeat.interval.ms = 3000
	interceptor.classes = []
	internal.leave.group.on.close = true
	internal.throw.on.fetch.stable.offset.unsupported = false
	isolation.level = read_uncommitted
	key.deserializer = class org.apache.kafka.common.serialization.StringDeserializer
	max.partition.fetch.bytes = 1048576
	max.poll.interval.ms = 300000
	max.poll.records = 500
	metadata.max.age.ms = 300000
	metric.reporters = []
	metrics.num.samples = 2
	metrics.recording.level = INFO
	metrics.sample.window.ms = 30000
	partition.assignment.strategy = [class org.apache.kafka.clients.consumer.RangeAssignor, class org.apache.kafka.clients.consumer.CooperativeStickyAssignor]
	receive.buffer.bytes = 65536
	reconnect.backoff.max.ms = 1000
	reconnect.backoff.ms = 50
	request.timeout.ms = 30000
	retry.backoff.ms = 100
	sasl.client.callback.handler.class = null
	sasl.jaas.config = null
	sasl.kerberos.kinit.cmd = /usr/bin/kinit
	sasl.kerberos.min.time.before.relogin = 60000
	sasl.kerberos.service.name = null
	sasl.kerberos.ticket.renew.jitter = 0.05
	sasl.kerberos.ticket.renew.window.factor = 0.8
	sasl.login.callback.handler.class = null
	sasl.login.class = null
	sasl.login.connect.timeout.ms = null
	sasl.login.read.timeout.ms = null
	sasl.login.refresh.buffer.seconds = 300
	sasl.login.refresh.min.period.seconds = 60
	sasl.login.refresh.window.factor = 0.8
	sasl.login.refresh.window.jitter = 0.05
	sasl.login.retry.backoff.max.ms = 10000
	sasl.login.retry.backoff.ms = 100
	sasl.mechanism = GSSAPI
	sasl.oauthbearer.clock.skew.seconds = 30
	sasl.oauthbearer.expected.audience = null
	sasl.oauthbearer.expected.issuer = null
	sasl.oauthbearer.jwks.endpoint.refresh.ms = 3600000
	sasl.oauthbearer.jwks.endpoint.retry.backoff.max.ms = 10000
	sasl.oauthbearer.jwks.endpoint.retry.backoff.ms = 100
	sasl.oauthbearer.jwks.endpoint.url = null
	sasl.oauthbearer.scope.claim.name = scope
	sasl.oauthbearer.sub.claim.name = sub
	sasl.oauthbearer.token.endpoint.url = null
	security.protocol = PLAINTEXT
	security.providers = null
	send.buffer.bytes = 131072
	session.timeout.ms = 45000
	socket.connection.setup.timeout.max.ms = 30000
	socket.connection.setup.timeout.ms = 10000
	ssl.cipher.suites = null
	ssl.enabled.protocols = [TLSv1.2, TLSv1.3]
	ssl.endpoint.identification.algorithm = https
	ssl.engine.factory.class = null
	ssl.key.password = null
	ssl.keymanager.algorithm = SunX509
	ssl.keystore.certificate.chain = null
	ssl.keystore.key = null
	ssl.keystore.location = null
	ssl.keystore.password = null
	ssl.keystore.type = JKS
	ssl.protocol = TLSv1.3
	ssl.provider = null
	ssl.secure.random.implementation = null
	ssl.trustmanager.algorithm = PKIX
	ssl.truststore.certificates = null
	ssl.truststore.location = null
	ssl.truststore.password = null
	ssl.truststore.type = JKS
	value.deserializer = class org.springframework.kafka.support.serializer.JsonDeserializer

2026-05-23T18:30:17.300-05:00  INFO 15283 --- [products-services] [    Test worker] o.a.kafka.common.utils.AppInfoParser     : Kafka version: 3.6.2
2026-05-23T18:30:17.300-05:00  INFO 15283 --- [products-services] [    Test worker] o.a.kafka.common.utils.AppInfoParser     : Kafka commitId: c4deed513057c94e
2026-05-23T18:30:17.300-05:00  INFO 15283 --- [products-services] [    Test worker] o.a.kafka.common.utils.AppInfoParser     : Kafka startTimeMs: 1779579017300
2026-05-23T18:30:17.302-05:00  INFO 15283 --- [products-services] [    Test worker] fkaConsumerFactory$ExtendedKafkaConsumer : [Consumer clientId=consumer-stock-update-cg-1, groupId=stock-update-cg] Subscribed to topic(s): stock-movements
2026-05-23T18:30:17.308-05:00  INFO 15283 --- [products-services] [    Test worker] o.a.k.clients.consumer.ConsumerConfig    : ConsumerConfig values: 
	allow.auto.create.topics = true
	auto.commit.interval.ms = 5000
	auto.include.jmx.reporter = true
	auto.offset.reset = earliest
	bootstrap.servers = [localhost:9092]
	check.crcs = true
	client.dns.lookup = use_all_dns_ips
	client.id = consumer-audit-cg-2
	client.rack = 
	connections.max.idle.ms = 540000
	default.api.timeout.ms = 60000
	enable.auto.commit = false
	exclude.internal.topics = true
	fetch.max.bytes = 52428800
	fetch.max.wait.ms = 500
	fetch.min.bytes = 1
	group.id = audit-cg
	group.instance.id = null
	heartbeat.interval.ms = 3000
	interceptor.classes = []
	internal.leave.group.on.close = true
	internal.throw.on.fetch.stable.offset.unsupported = false
	isolation.level = read_uncommitted
	key.deserializer = class org.apache.kafka.common.serialization.StringDeserializer
	max.partition.fetch.bytes = 1048576
	max.poll.interval.ms = 300000
	max.poll.records = 500
	metadata.max.age.ms = 300000
	metric.reporters = []
	metrics.num.samples = 2
	metrics.recording.level = INFO
	metrics.sample.window.ms = 30000
	partition.assignment.strategy = [class org.apache.kafka.clients.consumer.RangeAssignor, class org.apache.kafka.clients.consumer.CooperativeStickyAssignor]
	receive.buffer.bytes = 65536
	reconnect.backoff.max.ms = 1000
	reconnect.backoff.ms = 50
	request.timeout.ms = 30000
	retry.backoff.ms = 100
	sasl.client.callback.handler.class = null
	sasl.jaas.config = null
	sasl.kerberos.kinit.cmd = /usr/bin/kinit
	sasl.kerberos.min.time.before.relogin = 60000
	sasl.kerberos.service.name = null
	sasl.kerberos.ticket.renew.jitter = 0.05
	sasl.kerberos.ticket.renew.window.factor = 0.8
	sasl.login.callback.handler.class = null
	sasl.login.class = null
	sasl.login.connect.timeout.ms = null
	sasl.login.read.timeout.ms = null
	sasl.login.refresh.buffer.seconds = 300
	sasl.login.refresh.min.period.seconds = 60
	sasl.login.refresh.window.factor = 0.8
	sasl.login.refresh.window.jitter = 0.05
	sasl.login.retry.backoff.max.ms = 10000
	sasl.login.retry.backoff.ms = 100
	sasl.mechanism = GSSAPI
	sasl.oauthbearer.clock.skew.seconds = 30
	sasl.oauthbearer.expected.audience = null
	sasl.oauthbearer.expected.issuer = null
	sasl.oauthbearer.jwks.endpoint.refresh.ms = 3600000
	sasl.oauthbearer.jwks.endpoint.retry.backoff.max.ms = 10000
	sasl.oauthbearer.jwks.endpoint.retry.backoff.ms = 100
	sasl.oauthbearer.jwks.endpoint.url = null
	sasl.oauthbearer.scope.claim.name = scope
	sasl.oauthbearer.sub.claim.name = sub
	sasl.oauthbearer.token.endpoint.url = null
	security.protocol = PLAINTEXT
	security.providers = null
	send.buffer.bytes = 131072
	session.timeout.ms = 45000
	socket.connection.setup.timeout.max.ms = 30000
	socket.connection.setup.timeout.ms = 10000
	ssl.cipher.suites = null
	ssl.enabled.protocols = [TLSv1.2, TLSv1.3]
	ssl.endpoint.identification.algorithm = https
	ssl.engine.factory.class = null
	ssl.key.password = null
	ssl.keymanager.algorithm = SunX509
	ssl.keystore.certificate.chain = null
	ssl.keystore.key = null
	ssl.keystore.location = null
	ssl.keystore.password = null
	ssl.keystore.type = JKS
	ssl.protocol = TLSv1.3
	ssl.provider = null
	ssl.secure.random.implementation = null
	ssl.trustmanager.algorithm = PKIX
	ssl.truststore.certificates = null
	ssl.truststore.location = null
	ssl.truststore.password = null
	ssl.truststore.type = JKS
	value.deserializer = class org.springframework.kafka.support.serializer.JsonDeserializer

2026-05-23T18:30:17.317-05:00  INFO 15283 --- [products-services] [    Test worker] o.a.kafka.common.utils.AppInfoParser     : Kafka version: 3.6.2
2026-05-23T18:30:17.317-05:00  INFO 15283 --- [products-services] [    Test worker] o.a.kafka.common.utils.AppInfoParser     : Kafka commitId: c4deed513057c94e
2026-05-23T18:30:17.317-05:00  INFO 15283 --- [products-services] [    Test worker] o.a.kafka.common.utils.AppInfoParser     : Kafka startTimeMs: 1779579017317
2026-05-23T18:30:17.317-05:00  INFO 15283 --- [products-services] [    Test worker] fkaConsumerFactory$ExtendedKafkaConsumer : [Consumer clientId=consumer-audit-cg-2, groupId=audit-cg] Subscribed to topic(s): stock-movements
2026-05-23T18:30:17.318-05:00  INFO 15283 --- [products-services] [    Test worker] o.a.k.clients.consumer.ConsumerConfig    : ConsumerConfig values: 
	allow.auto.create.topics = true
	auto.commit.interval.ms = 5000
	auto.include.jmx.reporter = true
	auto.offset.reset = earliest
	bootstrap.servers = [localhost:9092]
	check.crcs = true
	client.dns.lookup = use_all_dns_ips
	client.id = consumer-reporting-cg-3
	client.rack = 
	connections.max.idle.ms = 540000
	default.api.timeout.ms = 60000
	enable.auto.commit = false
	exclude.internal.topics = true
	fetch.max.bytes = 52428800
	fetch.max.wait.ms = 500
	fetch.min.bytes = 1
	group.id = reporting-cg
	group.instance.id = null
	heartbeat.interval.ms = 3000
	interceptor.classes = []
	internal.leave.group.on.close = true
	internal.throw.on.fetch.stable.offset.unsupported = false
	isolation.level = read_uncommitted
	key.deserializer = class org.apache.kafka.common.serialization.StringDeserializer
	max.partition.fetch.bytes = 1048576
	max.poll.interval.ms = 300000
	max.poll.records = 500
	metadata.max.age.ms = 300000
	metric.reporters = []
	metrics.num.samples = 2
	metrics.recording.level = INFO
	metrics.sample.window.ms = 30000
	partition.assignment.strategy = [class org.apache.kafka.clients.consumer.RangeAssignor, class org.apache.kafka.clients.consumer.CooperativeStickyAssignor]
	receive.buffer.bytes = 65536
	reconnect.backoff.max.ms = 1000
	reconnect.backoff.ms = 50
	request.timeout.ms = 30000
	retry.backoff.ms = 100
	sasl.client.callback.handler.class = null
	sasl.jaas.config = null
	sasl.kerberos.kinit.cmd = /usr/bin/kinit
	sasl.kerberos.min.time.before.relogin = 60000
	sasl.kerberos.service.name = null
	sasl.kerberos.ticket.renew.jitter = 0.05
	sasl.kerberos.ticket.renew.window.factor = 0.8
	sasl.login.callback.handler.class = null
	sasl.login.class = null
	sasl.login.connect.timeout.ms = null
	sasl.login.read.timeout.ms = null
	sasl.login.refresh.buffer.seconds = 300
	sasl.login.refresh.min.period.seconds = 60
	sasl.login.refresh.window.factor = 0.8
	sasl.login.refresh.window.jitter = 0.05
	sasl.login.retry.backoff.max.ms = 10000
	sasl.login.retry.backoff.ms = 100
	sasl.mechanism = GSSAPI
	sasl.oauthbearer.clock.skew.seconds = 30
	sasl.oauthbearer.expected.audience = null
	sasl.oauthbearer.expected.issuer = null
	sasl.oauthbearer.jwks.endpoint.refresh.ms = 3600000
	sasl.oauthbearer.jwks.endpoint.retry.backoff.max.ms = 10000
	sasl.oauthbearer.jwks.endpoint.retry.backoff.ms = 100
	sasl.oauthbearer.jwks.endpoint.url = null
	sasl.oauthbearer.scope.claim.name = scope
	sasl.oauthbearer.sub.claim.name = sub
	sasl.oauthbearer.token.endpoint.url = null
	security.protocol = PLAINTEXT
	security.providers = null
	send.buffer.bytes = 131072
	session.timeout.ms = 45000
	socket.connection.setup.timeout.max.ms = 30000
	socket.connection.setup.timeout.ms = 10000
	ssl.cipher.suites = null
	ssl.enabled.protocols = [TLSv1.2, TLSv1.3]
	ssl.endpoint.identification.algorithm = https
	ssl.engine.factory.class = null
	ssl.key.password = null
	ssl.keymanager.algorithm = SunX509
	ssl.keystore.certificate.chain = null
	ssl.keystore.key = null
	ssl.keystore.location = null
	ssl.keystore.password = null
	ssl.keystore.type = JKS
	ssl.protocol = TLSv1.3
	ssl.provider = null
	ssl.secure.random.implementation = null
	ssl.trustmanager.algorithm = PKIX
	ssl.truststore.certificates = null
	ssl.truststore.location = null
	ssl.truststore.password = null
	ssl.truststore.type = JKS
	value.deserializer = class org.springframework.kafka.support.serializer.JsonDeserializer

2026-05-23T18:30:17.325-05:00  INFO 15283 --- [products-services] [    Test worker] o.a.kafka.common.utils.AppInfoParser     : Kafka version: 3.6.2
2026-05-23T18:30:17.325-05:00  INFO 15283 --- [products-services] [    Test worker] o.a.kafka.common.utils.AppInfoParser     : Kafka commitId: c4deed513057c94e
2026-05-23T18:30:17.325-05:00  INFO 15283 --- [products-services] [    Test worker] o.a.kafka.common.utils.AppInfoParser     : Kafka startTimeMs: 1779579017325
2026-05-23T18:30:17.325-05:00  INFO 15283 --- [products-services] [    Test worker] fkaConsumerFactory$ExtendedKafkaConsumer : [Consumer clientId=consumer-reporting-cg-3, groupId=reporting-cg] Subscribed to topic(s): stock-movements
2026-05-23T18:30:17.329-05:00  INFO 15283 --- [products-services] [    Test worker] o.s.a.r.c.CachingConnectionFactory       : Attempting to connect to: [localhost:5672]
2026-05-23T18:30:17.363-05:00  INFO 15283 --- [products-services] [    Test worker] o.s.a.r.c.CachingConnectionFactory       : Created new connection: rabbitConnectionFactory#6eb332d1:0/SimpleConnection@7af4286 [delegate=amqp://guest@127.0.0.1:5672/, localPort=61822]
2026-05-23T18:30:17.398-05:00  INFO 15283 --- [products-services] [    Test worker] c.c.p.ProductsServicesApplicationTests   : Started ProductsServicesApplicationTests in 2.421 seconds (process running for 2.873)
2026-05-23T18:30:17.458-05:00  INFO 15283 --- [products-services] [ntainer#2-0-C-1] org.apache.kafka.clients.Metadata        : [Consumer clientId=consumer-stock-update-cg-1, groupId=stock-update-cg] Cluster ID: lu2k-lSWQoW6T3JeNZ3f7g
2026-05-23T18:30:17.458-05:00  INFO 15283 --- [products-services] [ntainer#0-0-C-1] org.apache.kafka.clients.Metadata        : [Consumer clientId=consumer-audit-cg-2, groupId=audit-cg] Cluster ID: lu2k-lSWQoW6T3JeNZ3f7g
2026-05-23T18:30:17.459-05:00  INFO 15283 --- [products-services] [ntainer#1-0-C-1] org.apache.kafka.clients.Metadata        : [Consumer clientId=consumer-reporting-cg-3, groupId=reporting-cg] Cluster ID: lu2k-lSWQoW6T3JeNZ3f7g
2026-05-23T18:30:17.460-05:00  INFO 15283 --- [products-services] [ntainer#2-0-C-1] o.a.k.c.c.internals.ConsumerCoordinator  : [Consumer clientId=consumer-stock-update-cg-1, groupId=stock-update-cg] Discovered group coordinator localhost:9092 (id: 2147483646 rack: null)
2026-05-23T18:30:17.460-05:00  INFO 15283 --- [products-services] [ntainer#1-0-C-1] o.a.k.c.c.internals.ConsumerCoordinator  : [Consumer clientId=consumer-reporting-cg-3, groupId=reporting-cg] Discovered group coordinator localhost:9092 (id: 2147483646 rack: null)
2026-05-23T18:30:17.460-05:00  INFO 15283 --- [products-services] [ntainer#0-0-C-1] o.a.k.c.c.internals.ConsumerCoordinator  : [Consumer clientId=consumer-audit-cg-2, groupId=audit-cg] Discovered group coordinator localhost:9092 (id: 2147483646 rack: null)
2026-05-23T18:30:17.462-05:00  INFO 15283 --- [products-services] [ntainer#2-0-C-1] o.a.k.c.c.internals.ConsumerCoordinator  : [Consumer clientId=consumer-stock-update-cg-1, groupId=stock-update-cg] (Re-)joining group
2026-05-23T18:30:17.462-05:00  INFO 15283 --- [products-services] [ntainer#1-0-C-1] o.a.k.c.c.internals.ConsumerCoordinator  : [Consumer clientId=consumer-reporting-cg-3, groupId=reporting-cg] (Re-)joining group
2026-05-23T18:30:17.465-05:00  INFO 15283 --- [products-services] [ntainer#0-0-C-1] o.a.k.c.c.internals.ConsumerCoordinator  : [Consumer clientId=consumer-audit-cg-2, groupId=audit-cg] (Re-)joining group
2026-05-23T18:30:17.484-05:00  INFO 15283 --- [products-services] [ntainer#0-0-C-1] o.a.k.c.c.internals.ConsumerCoordinator  : [Consumer clientId=consumer-audit-cg-2, groupId=audit-cg] Request joining group due to: need to re-join with the given member-id: consumer-audit-cg-2-ab3650ab-48dd-49dd-b9bc-7cfe19c18739
2026-05-23T18:30:17.484-05:00  INFO 15283 --- [products-services] [ntainer#0-0-C-1] o.a.k.c.c.internals.ConsumerCoordinator  : [Consumer clientId=consumer-audit-cg-2, groupId=audit-cg] Request joining group due to: rebalance failed due to 'The group member needs to have a valid member id before actually entering a consumer group.' (MemberIdRequiredException)
2026-05-23T18:30:17.484-05:00  INFO 15283 --- [products-services] [ntainer#0-0-C-1] o.a.k.c.c.internals.ConsumerCoordinator  : [Consumer clientId=consumer-audit-cg-2, groupId=audit-cg] (Re-)joining group
2026-05-23T18:30:17.484-05:00  INFO 15283 --- [products-services] [ntainer#2-0-C-1] o.a.k.c.c.internals.ConsumerCoordinator  : [Consumer clientId=consumer-stock-update-cg-1, groupId=stock-update-cg] Request joining group due to: need to re-join with the given member-id: consumer-stock-update-cg-1-b8c79fa2-bfb2-4319-940d-9fd5b8dd298f
2026-05-23T18:30:17.484-05:00  INFO 15283 --- [products-services] [ntainer#2-0-C-1] o.a.k.c.c.internals.ConsumerCoordinator  : [Consumer clientId=consumer-stock-update-cg-1, groupId=stock-update-cg] Request joining group due to: rebalance failed due to 'The group member needs to have a valid member id before actually entering a consumer group.' (MemberIdRequiredException)
2026-05-23T18:30:17.484-05:00  INFO 15283 --- [products-services] [ntainer#2-0-C-1] o.a.k.c.c.internals.ConsumerCoordinator  : [Consumer clientId=consumer-stock-update-cg-1, groupId=stock-update-cg] (Re-)joining group
2026-05-23T18:30:17.484-05:00  INFO 15283 --- [products-services] [ntainer#1-0-C-1] o.a.k.c.c.internals.ConsumerCoordinator  : [Consumer clientId=consumer-reporting-cg-3, groupId=reporting-cg] Request joining group due to: need to re-join with the given member-id: consumer-reporting-cg-3-71592aa2-03b6-43d3-943e-751357c6edc1
2026-05-23T18:30:17.485-05:00  INFO 15283 --- [products-services] [ntainer#1-0-C-1] o.a.k.c.c.internals.ConsumerCoordinator  : [Consumer clientId=consumer-reporting-cg-3, groupId=reporting-cg] Request joining group due to: rebalance failed due to 'The group member needs to have a valid member id before actually entering a consumer group.' (MemberIdRequiredException)
2026-05-23T18:30:17.485-05:00  INFO 15283 --- [products-services] [ntainer#1-0-C-1] o.a.k.c.c.internals.ConsumerCoordinator  : [Consumer clientId=consumer-reporting-cg-3, groupId=reporting-cg] (Re-)joining group
Hibernate: select count(*) from products p1_0
Hibernate: insert into products (name,price,stock) values (?,?,?)
Hibernate: insert into products (name,price,stock) values (?,?,?)
]]></system-out>
  <system-err><![CDATA[]]></system-err>
</testsuite>
