<?xml version="1.0" encoding="UTF-8"?>
<testsuite name="com.cibertec.productsservices.ProductsServicesApplicationTests" tests="1" skipped="0" failures="0" errors="0" timestamp="2026-05-17T15:52:41" hostname="Mac" time="2.31">
  <properties/>
  <testcase name="contextLoads()" classname="com.cibertec.productsservices.ProductsServicesApplicationTests" time="2.31"/>
  <system-out><![CDATA[10:52:38.915 [Test worker] INFO org.springframework.test.context.support.AnnotationConfigContextLoaderUtils -- Could not detect default configuration classes for test class [com.cibertec.productsservices.ProductsServicesApplicationTests]: ProductsServicesApplicationTests does not declare any static, non-private, non-final, nested classes annotated with @Configuration.
10:52:39.041 [Test worker] INFO org.springframework.boot.test.context.SpringBootTestContextBootstrapper -- Found @SpringBootConfiguration com.cibertec.productsservices.ProductsServicesApplication for test class com.cibertec.productsservices.ProductsServicesApplicationTests

  .   ____          _            __ _ _
 /\\ / ___'_ __ _ _(_)_ __  __ _ \ \ \ \
( ( )\___ | '_ | '_| | '_ \/ _` | \ \ \ \
 \\/  ___)| |_)| | | | | || (_| |  ) ) ) )
  '  |____| .__|_| |_|_| |_\__, | / / / /
 =========|_|==============|___/=/_/_/_/
 :: Spring Boot ::                (v3.2.5)

2026-05-17T10:52:39.440-05:00  INFO 55369 --- [products-services] [    Test worker] c.c.p.ProductsServicesApplicationTests   : Starting ProductsServicesApplicationTests using Java 17.0.13 with PID 55369 (started by ronaldcastillo in /Users/ronaldcastillo/Files/Dev/Cibertec/DESARROLLO-DE-APLICACIONES-WEB-II/backend/products-services)
2026-05-17T10:52:39.443-05:00  INFO 55369 --- [products-services] [    Test worker] c.c.p.ProductsServicesApplicationTests   : No active profile set, falling back to 1 default profile: "default"
2026-05-17T10:52:41.698-05:00  INFO 55369 --- [products-services] [    Test worker] c.c.p.ProductsServicesApplicationTests   : Started ProductsServicesApplicationTests in 2.434 seconds (process running for 3.623)
]]></system-out>
  <system-err><![CDATA[]]></system-err>
</testsuite>
